H:\SYSTEMCOS\VS2012_COMMU\DEBUG\UCOSII.BSC
H:\SYSTEMCOS\VS2012_COMMU\DEBUG\OS_TRACE.SBR
H:\SYSTEMCOS\VS2012_COMMU\DEBUG\OS_CPU_C.SBR
H:\SYSTEMCOS\VS2012_COMMU\DEBUG\UCOS_II.SBR
H:\SYSTEMCOS\VS2012_COMMU\DEBUG\OS_DBG_R.SBR
H:\SYSTEMCOS\VS2012_COMMU\DEBUG\MAIN.SBR
H:\SYSTEMCOS\VS2012_COMMU\DEBUG\MAIN.OBJ
H:\SYSTEMCOS\VS2012_COMMU\DEBUG\OS_DBG_R.OBJ
H:\SYSTEMCOS\VS2012_COMMU\DEBUG\UCOS_II.OBJ
H:\SYSTEMCOS\VS2012_COMMU\DEBUG\OS_CPU_C.OBJ
H:\SYSTEMCOS\VS2012_COMMU\DEBUG\OS_TRACE.OBJ
H:\SYSTEMCOS\VS2012_COMMU\DEBUG\VC110.PDB
H:\SYSTEMCOS\VS2012_COMMU\DEBUG\UCOSII.ILK
H:\SYSTEMCOS\VS2012_COMMU\DEBUG\UCOSII.EXE
H:\SYSTEMCOS\VS2012_COMMU\DEBUG\UCOSII.PDB
H:\systemCos\vs2012_commu\Debug\main.obj
H:\systemCos\vs2012_commu\Debug\os_cpu_c.obj
H:\systemCos\vs2012_commu\Debug\os_dbg_r.obj
H:\systemCos\vs2012_commu\Debug\os_trace.obj
H:\systemCos\vs2012_commu\Debug\ucos_ii.obj
H:\systemCos\vs2012_commu\Debug\uCOSII.ilk
H:\systemCos\vs2012_commu\Debug\BscMake.command.1.tlog
H:\systemCos\vs2012_commu\Debug\bscmake.read.1.tlog
H:\systemCos\vs2012_commu\Debug\bscmake.write.1.tlog
H:\systemCos\vs2012_commu\Debug\cl.command.1.tlog
H:\systemCos\vs2012_commu\Debug\CL.read.1.tlog
H:\systemCos\vs2012_commu\Debug\CL.write.1.tlog
H:\systemCos\vs2012_commu\Debug\link-cvtres.read.1.tlog
H:\systemCos\vs2012_commu\Debug\link-cvtres.write.1.tlog
H:\systemCos\vs2012_commu\Debug\link-rc.read.1.tlog
H:\systemCos\vs2012_commu\Debug\link-rc.write.1.tlog
H:\systemCos\vs2012_commu\Debug\link.6092-cvtres.read.1.tlog
H:\systemCos\vs2012_commu\Debug\link.6092-cvtres.write.1.tlog
H:\systemCos\vs2012_commu\Debug\link.6092-rc.read.1.tlog
H:\systemCos\vs2012_commu\Debug\link.6092-rc.write.1.tlog
H:\systemCos\vs2012_commu\Debug\link.6092.read.1.tlog
H:\systemCos\vs2012_commu\Debug\link.6092.write.1.tlog
H:\systemCos\vs2012_commu\Debug\link.command.1.tlog
H:\systemCos\vs2012_commu\Debug\link.read.1.tlog
H:\systemCos\vs2012_commu\Debug\link.write.1.tlog
H:\systemCos\vs2012_commu\Debug\vc110.idb
H:\systemCos\vs2012_commu\Debug\uCOSII.pdb
H:\systemCos\vs2012_commu\Debug\vc110.pdb
H:\systemCos\vs2012_commu\Debug\uCOSII.bsc
H:\systemCos\vs2012_commu\Debug\main.sbr
H:\systemCos\vs2012_commu\Debug\os_cpu_c.sbr
H:\systemCos\vs2012_commu\Debug\os_dbg_r.sbr
H:\systemCos\vs2012_commu\Debug\os_trace.sbr
H:\systemCos\vs2012_commu\Debug\ucos_ii.sbr
H:\systemCos\vs2012_commu\.\Debug\uCOSII.exe
